<?xml version="1.0" encoding="UTF-8"?>
<testng-results ignored="0" total="2" passed="2" failed="0" skipped="0">
  <reporter-output>
  </reporter-output>
  <suite started-at="2025-09-20T16:34:31 IST" name="CrossBrowserSuite" finished-at="2025-09-20T16:34:45 IST" duration-ms="13463">
    <groups>
      <group name="cucumber">
        <method signature="AbstractTestNGCucumberTests.runScenario(io.cucumber.testng.PickleWrapper,io.cucumber.testng.FeatureWrapper)[pri:0, instance:TestRunner.CucumberTestRunnerChromeTest@2002fc1d]" name="runScenario" class="io.cucumber.testng.AbstractTestNGCucumberTests"/>
        <method signature="AbstractTestNGCucumberTests.runScenario(io.cucumber.testng.PickleWrapper,io.cucumber.testng.FeatureWrapper)[pri:0, instance:TestRunner.CucumberTestRunnerFirefoxTest@4e3958e7]" name="runScenario" class="io.cucumber.testng.AbstractTestNGCucumberTests"/>
      </group> <!-- cucumber -->
    </groups>
    <test started-at="2025-09-20T16:34:31 IST" name="FirefoxTest" finished-at="2025-09-20T16:34:44 IST" duration-ms="12504">
      <class name="TestRunner.CucumberTestRunnerFirefoxTest">
        <test-method is-config="true" signature="setUpClass(org.testng.ITestContext)[pri:0, instance:TestRunner.CucumberTestRunnerFirefoxTest@4e3958e7]" started-at="2025-09-20T16:34:31 IST" name="setUpClass" finished-at="2025-09-20T16:34:32 IST" duration-ms="718" status="PASS">
          <params>
            <param index="0">
              <value>
                <![CDATA[org.testng.TestRunner@5fd4f8f5]]>
              </value>
            </param>
          </params>
          <reporter-output>
          </reporter-output>
        </test-method> <!-- setUpClass -->
        <test-method is-config="true" signature="setBrowser(java.lang.String)[pri:0, instance:TestRunner.CucumberTestRunnerFirefoxTest@4e3958e7]" started-at="2025-09-20T16:34:32 IST" name="setBrowser" finished-at="2025-09-20T16:34:32 IST" duration-ms="4" status="PASS">
          <params>
            <param index="0">
              <value>
                <![CDATA[firefox]]>
              </value>
            </param>
          </params>
          <reporter-output>
          </reporter-output>
        </test-method> <!-- setBrowser -->
        <test-method signature="runScenario(io.cucumber.testng.PickleWrapper,io.cucumber.testng.FeatureWrapper)[pri:0, instance:TestRunner.CucumberTestRunnerFirefoxTest@4e3958e7]" started-at="2025-09-20T16:34:32 IST" name="runScenario" description="Runs Cucumber Scenarios" data-provider="scenarios" finished-at="2025-09-20T16:34:44 IST" duration-ms="11679" status="PASS">
          <params>
            <param index="0">
              <value>
                <![CDATA["Remove item from cart"]]>
              </value>
            </param>
            <param index="1">
              <value>
                <![CDATA["Home page functionality"]]>
              </value>
            </param>
          </params>
          <reporter-output>
          </reporter-output>
        </test-method> <!-- runScenario -->
        <test-method is-config="true" signature="tearDownClass()[pri:0, instance:TestRunner.CucumberTestRunnerFirefoxTest@4e3958e7]" started-at="2025-09-20T16:34:44 IST" name="tearDownClass" finished-at="2025-09-20T16:34:44 IST" duration-ms="32" status="PASS">
          <reporter-output>
          </reporter-output>
        </test-method> <!-- tearDownClass -->
      </class> <!-- TestRunner.CucumberTestRunnerFirefoxTest -->
    </test> <!-- FirefoxTest -->
    <test started-at="2025-09-20T16:34:31 IST" name="ChromeTest" finished-at="2025-09-20T16:34:45 IST" duration-ms="13463">
      <class name="TestRunner.CucumberTestRunnerChromeTest">
        <test-method is-config="true" signature="setUpClass(org.testng.ITestContext)[pri:0, instance:TestRunner.CucumberTestRunnerChromeTest@2002fc1d]" started-at="2025-09-20T16:34:31 IST" name="setUpClass" finished-at="2025-09-20T16:34:32 IST" duration-ms="718" status="PASS">
          <params>
            <param index="0">
              <value>
                <![CDATA[org.testng.TestRunner@72cde7cc]]>
              </value>
            </param>
          </params>
          <reporter-output>
          </reporter-output>
        </test-method> <!-- setUpClass -->
        <test-method is-config="true" signature="setBrowser(java.lang.String)[pri:0, instance:TestRunner.CucumberTestRunnerChromeTest@2002fc1d]" started-at="2025-09-20T16:34:32 IST" name="setBrowser" finished-at="2025-09-20T16:34:32 IST" duration-ms="4" status="PASS">
          <params>
            <param index="0">
              <value>
                <![CDATA[chrome]]>
              </value>
            </param>
          </params>
          <reporter-output>
          </reporter-output>
        </test-method> <!-- setBrowser -->
        <test-method signature="runScenario(io.cucumber.testng.PickleWrapper,io.cucumber.testng.FeatureWrapper)[pri:0, instance:TestRunner.CucumberTestRunnerChromeTest@2002fc1d]" started-at="2025-09-20T16:34:32 IST" name="runScenario" description="Runs Cucumber Scenarios" data-provider="scenarios" finished-at="2025-09-20T16:34:45 IST" duration-ms="12666" status="PASS">
          <params>
            <param index="0">
              <value>
                <![CDATA["Add product to cart"]]>
              </value>
            </param>
            <param index="1">
              <value>
                <![CDATA["Home page functionality"]]>
              </value>
            </param>
          </params>
          <reporter-output>
          </reporter-output>
        </test-method> <!-- runScenario -->
        <test-method is-config="true" signature="tearDownClass()[pri:0, instance:TestRunner.CucumberTestRunnerChromeTest@2002fc1d]" started-at="2025-09-20T16:34:45 IST" name="tearDownClass" finished-at="2025-09-20T16:34:45 IST" duration-ms="27" status="PASS">
          <reporter-output>
          </reporter-output>
        </test-method> <!-- tearDownClass -->
      </class> <!-- TestRunner.CucumberTestRunnerChromeTest -->
    </test> <!-- ChromeTest -->
  </suite> <!-- CrossBrowserSuite -->
</testng-results>
